<?xml version="1.0" encoding="UTF-8"?>
<!-- Generated by org.testng.reporters.JUnitReportReporter -->
<testsuite skipped="0" hostname="DESKTOP-FJBLVPL" name="com.prokarma.qa.tests.SampleTest2" tests="1" failures="0" timestamp="2020-04-25T11:55:56 IST" time="64.697" errors="0">
  <testcase name="testHomePage" time="64.697" classname="com.prokarma.qa.tests.SampleTest2"/>
</testsuite> <!-- com.prokarma.qa.tests.SampleTest2 -->
