<?xml version="1.0" encoding="UTF-8"?>
<!-- Generated by org.testng.reporters.JUnitReportReporter -->
<testsuite skipped="0" hostname="DESKTOP-FJBLVPL" name="com.prokarma.qa.tests.EMS_SCYOY_001" tests="1" failures="0" timestamp="2020-05-12T19:00:29 IST" time="87.984" errors="0">
  <testcase name="test_EMS_SCYOY_001" time="87.984" classname="com.prokarma.qa.tests.EMS_SCYOY_001"/>
</testsuite> <!-- com.prokarma.qa.tests.EMS_SCYOY_001 -->
